<?xml version="1.0" encoding="UTF-8"?>
<testsuite name="ComplexServiceTest" tests="3" skipped="0" failures="0" errors="0" timestamp="2018-07-31T15:39:16" hostname="bcousin1.mame.code-troopers.com" time="0.046">
  <properties/>
  <testcase name="assert chained mock()" classname="ComplexServiceTest" time="0.036"/>
  <testcase name="assert private fun is accessible()" classname="ComplexServiceTest" time="0.003"/>
  <testcase name="assert list returns different values()" classname="ComplexServiceTest" time="0.004"/>
  <system-out><![CDATA[]]></system-out>
  <system-err><![CDATA[]]></system-err>
</testsuite>
